Dec-20 09:21:43.784 [main] DEBUG nextflow.cli.Launcher - Setting HTTP proxy: ProxyConfig[protocol=http; host=proxy.charite.de; port=8080]
Dec-20 09:21:43.807 [main] DEBUG nextflow.cli.Launcher - Setting HTTPS proxy: ProxyConfig[protocol=https; host=proxy.charite.de; port=8080]
Dec-20 09:21:43.808 [main] DEBUG nextflow.cli.Launcher - Setting FTP proxy: ProxyConfig[protocol=ftp; host=proxy.charite.de; port=8080]
Dec-20 09:21:43.808 [main] DEBUG nextflow.cli.Launcher - Setting http proxy: ProxyConfig[protocol=http; host=proxy.charite.de; port=8080]
Dec-20 09:21:43.809 [main] DEBUG nextflow.cli.Launcher - Setting https proxy: ProxyConfig[protocol=https; host=proxy.charite.de; port=8080]
Dec-20 09:21:43.809 [main] DEBUG nextflow.cli.Launcher - Setting ftp proxy: ProxyConfig[protocol=ftp; host=proxy.charite.de; port=8080]
Dec-20 09:21:43.810 [main] DEBUG nextflow.cli.Launcher - $> nextflow run main.nf -stub -profile test
Dec-20 09:21:43.857 [main] DEBUG nextflow.cli.CmdRun - N E X T F L O W  ~  version 24.10.3
Dec-20 09:21:43.880 [main] DEBUG nextflow.plugin.PluginsFacade - Setting up plugin manager > mode=prod; embedded=false; plugins-dir=/home/carl/.nextflow/plugins; core-plugins: nf-amazon@2.9.2,nf-azure@1.10.2,nf-cloudcache@0.4.2,nf-codecommit@0.2.2,nf-console@1.1.4,nf-google@1.15.3,nf-tower@1.9.3,nf-wave@1.7.4
Dec-20 09:21:43.906 [main] INFO  o.pf4j.DefaultPluginStatusProvider - Enabled plugins: []
Dec-20 09:21:43.907 [main] INFO  o.pf4j.DefaultPluginStatusProvider - Disabled plugins: []
Dec-20 09:21:43.910 [main] INFO  org.pf4j.DefaultPluginManager - PF4J version 3.12.0 in 'deployment' mode
Dec-20 09:21:43.921 [main] INFO  org.pf4j.AbstractPluginManager - No plugins
Dec-20 09:21:43.942 [main] DEBUG nextflow.config.ConfigBuilder - Found config local: /home/carl/Documents/05_git_repositories/nf-download-sumstats/nextflow.config
Dec-20 09:21:43.945 [main] DEBUG nextflow.config.ConfigBuilder - Parsing config file: /home/carl/Documents/05_git_repositories/nf-download-sumstats/nextflow.config
Dec-20 09:21:43.977 [main] DEBUG n.secret.LocalSecretsProvider - Secrets store: /home/carl/.nextflow/secrets/store.json
Dec-20 09:21:43.981 [main] DEBUG nextflow.secret.SecretsLoader - Discovered secrets providers: [nextflow.secret.LocalSecretsProvider@14bae047] - activable => nextflow.secret.LocalSecretsProvider@14bae047
Dec-20 09:21:43.987 [main] DEBUG nextflow.config.ConfigBuilder - Applying config profile: `test`
Dec-20 09:21:44.533 [main] DEBUG nextflow.config.ConfigBuilder - Available config profiles: [cluster, test]
Dec-20 09:21:44.541 [main] WARN  nextflow.config.ConfigBuilder - It appears you have never run this project before -- Option `-resume` is ignored
Dec-20 09:21:44.564 [main] DEBUG nextflow.cli.CmdRun - Applied DSL=2 from script declaration
Dec-20 09:21:44.578 [main] DEBUG nextflow.cli.CmdRun - Launching `main.nf` [shrivelled_lumiere] DSL2 - revision: ffed9c71e3
Dec-20 09:21:44.580 [main] DEBUG nextflow.plugin.PluginsFacade - Plugins default=[]
Dec-20 09:21:44.580 [main] DEBUG nextflow.plugin.PluginsFacade - Plugins resolved requirement=[]
Dec-20 09:21:44.629 [main] DEBUG nextflow.Session - Session UUID: c76da262-d50e-49ce-b4df-4656ebbfe46f
Dec-20 09:21:44.629 [main] DEBUG nextflow.Session - Run name: shrivelled_lumiere
Dec-20 09:21:44.630 [main] DEBUG nextflow.Session - Executor pool size: 8
Dec-20 09:21:44.638 [main] DEBUG nextflow.file.FilePorter - File porter settings maxRetries=3; maxTransfers=50; pollTimeout=null
Dec-20 09:21:44.645 [main] DEBUG nextflow.util.ThreadPoolBuilder - Creating thread pool 'FileTransfer' minSize=10; maxSize=24; workQueue=LinkedBlockingQueue[10000]; allowCoreThreadTimeout=false
Dec-20 09:21:44.666 [main] DEBUG nextflow.cli.CmdRun - 
  Version: 24.10.3 build 5933
  Created: 16-12-2024 15:34 UTC (16:34 CEST)
  System: Linux 6.12.4-arch1-1
  Runtime: Groovy 4.0.23 on OpenJDK 64-Bit Server VM 21.0.5+11
  Encoding: UTF-8 (UTF-8)
  Process: 306588@think-vision-monitor.fritz.box [192.168.178.28]
  CPUs: 8 - Mem: 15.3 GB (1.3 GB) - Swap: 8 GB (7 GB)
Dec-20 09:21:44.693 [main] DEBUG nextflow.Session - Work-dir: /home/carl/Documents/05_git_repositories/nf-download-sumstats/work [btrfs]
Dec-20 09:21:44.693 [main] DEBUG nextflow.Session - Script base path does not exist or is not a directory: /home/carl/Documents/05_git_repositories/nf-download-sumstats/bin
Dec-20 09:21:44.704 [main] DEBUG nextflow.executor.ExecutorFactory - Extension executors providers=[]
Dec-20 09:21:44.713 [main] DEBUG nextflow.Session - Observer factory: DefaultObserverFactory
Dec-20 09:21:44.768 [main] DEBUG nextflow.cache.CacheFactory - Using Nextflow cache factory: nextflow.cache.DefaultCacheFactory
Dec-20 09:21:44.778 [main] DEBUG nextflow.util.CustomThreadPool - Creating default thread pool > poolSize: 9; maxThreads: 1000
Dec-20 09:21:44.844 [main] DEBUG nextflow.Session - Session start
Dec-20 09:21:44.847 [main] DEBUG nextflow.trace.TraceFileObserver - Workflow started -- trace file: /home/carl/Documents/05_git_repositories/nf-download-sumstats/runInfo/trace.txt
Dec-20 09:21:45.061 [main] DEBUG nextflow.script.ScriptRunner - > Launching execution
Dec-20 09:21:45.075 [main] INFO  nextflow.Nextflow - ===============================================================================
nf-Download-Sumstats
===============================================================================

Created by the Computational Medicine Group | BIH @ Charité

===============================================================================
Workflow run parameters 
===============================================================================
input       : false
outDir      : ./output/
workDir     : /home/carl/Documents/05_git_repositories/nf-download-sumstats/work
===============================================================================


Dec-20 09:21:45.714 [main] DEBUG nextflow.executor.ExecutorFactory - << taskConfig executor: local
Dec-20 09:21:45.715 [main] DEBUG nextflow.executor.ExecutorFactory - >> processorType: 'local'
Dec-20 09:21:45.721 [main] DEBUG nextflow.executor.Executor - [warm up] executor > local
Dec-20 09:21:45.728 [main] DEBUG n.processor.LocalPollingMonitor - Creating local task monitor for executor 'local' > cpus=8; memory=15.3 GB; capacity=8; pollInterval=100ms; dumpInterval=5m
Dec-20 09:21:45.731 [main] DEBUG n.processor.TaskPollingMonitor - >>> barrier register (monitor: local)
Dec-20 09:21:45.794 [main] DEBUG nextflow.executor.ExecutorFactory - << taskConfig executor: local
Dec-20 09:21:45.794 [main] DEBUG nextflow.executor.ExecutorFactory - >> processorType: 'local'
Dec-20 09:21:45.806 [main] DEBUG nextflow.executor.ExecutorFactory - << taskConfig executor: local
Dec-20 09:21:45.806 [main] DEBUG nextflow.executor.ExecutorFactory - >> processorType: 'local'
Dec-20 09:21:45.828 [main] DEBUG nextflow.executor.ExecutorFactory - << taskConfig executor: local
Dec-20 09:21:45.828 [main] DEBUG nextflow.executor.ExecutorFactory - >> processorType: 'local'
Dec-20 09:21:45.849 [main] DEBUG nextflow.executor.ExecutorFactory - << taskConfig executor: local
Dec-20 09:21:45.849 [main] DEBUG nextflow.executor.ExecutorFactory - >> processorType: 'local'
Dec-20 09:21:45.860 [main] DEBUG nextflow.Session - Workflow process names [dsl2]: DOWNLOAD_OPEN_GWAS_DATA, DOWNLOAD_GWAS_CATALOG_DATA, LINK_LOCAL_DATA, DOWNLOAD_DATA:DOWNLOAD_OTHER_DATA, DOWNLOAD_OTHER_DATA, DOWNLOAD_DATA:GWAS_CATALOG_SETUP, DOWNLOAD_DATA:LINK_LOCAL_DATA, GWAS_CATALOG_SETUP, DOWNLOAD_DATA:DOWNLOAD_OPEN_GWAS_DATA, DOWNLOAD_DATA:DOWNLOAD_GWAS_CATALOG_DATA
Dec-20 09:21:45.861 [main] DEBUG nextflow.Session - Igniting dataflow network (8)
Dec-20 09:21:45.869 [main] DEBUG nextflow.processor.TaskProcessor - Starting process > DOWNLOAD_DATA:DOWNLOAD_OTHER_DATA
Dec-20 09:21:45.870 [main] DEBUG nextflow.processor.TaskProcessor - Starting process > DOWNLOAD_DATA:DOWNLOAD_OPEN_GWAS_DATA
Dec-20 09:21:45.870 [main] DEBUG nextflow.processor.TaskProcessor - Starting process > DOWNLOAD_DATA:LINK_LOCAL_DATA
Dec-20 09:21:45.870 [main] DEBUG nextflow.processor.TaskProcessor - Starting process > DOWNLOAD_DATA:GWAS_CATALOG_SETUP
Dec-20 09:21:45.871 [main] DEBUG nextflow.processor.TaskProcessor - Starting process > DOWNLOAD_DATA:DOWNLOAD_GWAS_CATALOG_DATA
Dec-20 09:21:45.872 [main] DEBUG nextflow.script.ScriptRunner - Parsed script files:
  Script_f66899add6d84fc0: /home/carl/Documents/05_git_repositories/nf-download-sumstats/./workflows/download_data.nf
  Script_590ea08ad4a32dde: /home/carl/Documents/05_git_repositories/nf-download-sumstats/./workflows/../modules/download_data.nf
  Script_98de6739ee5d2523: /home/carl/Documents/05_git_repositories/nf-download-sumstats/main.nf
Dec-20 09:21:45.872 [main] DEBUG nextflow.script.ScriptRunner - > Awaiting termination 
Dec-20 09:21:45.872 [main] DEBUG nextflow.Session - Session await
Dec-20 09:21:45.973 [Actor Thread 4] DEBUG nextflow.util.HashBuilder - Unable to get file attributes file: /home/cabe12/R -- Cause: java.nio.file.NoSuchFileException: /home/cabe12/R
Dec-20 09:21:45.973 [Actor Thread 9] DEBUG nextflow.util.HashBuilder - Unable to get file attributes file: /home/carl/SC-HPC/sc-projects/sc-proj-computational-medicine/people/Carl/projects/06_dzhk_bhf_prot4cvd/01_analysis_plan/input/hermes_hf_subtypes_gwas_summary_statistics/Pheno1_ALL/FORMAT-METAL_Pheno1_ALL.tsv.gz -- Cause: java.nio.file.NoSuchFileException: /home/carl/SC-HPC/sc-projects/sc-proj-computational-medicine/people/Carl/projects/06_dzhk_bhf_prot4cvd/01_analysis_plan/input/hermes_hf_subtypes_gwas_summary_statistics/Pheno1_ALL/FORMAT-METAL_Pheno1_ALL.tsv.gz
Dec-20 09:21:45.974 [Actor Thread 4] DEBUG nextflow.util.HashBuilder - Unable to get file attributes file: /home/carl/Documents/05_git_repositories/nf-download-sumstats/lftp -- Cause: java.nio.file.NoSuchFileException: /home/carl/Documents/05_git_repositories/nf-download-sumstats/lftp
Dec-20 09:21:46.063 [Task submitter] DEBUG n.executor.local.LocalTaskHandler - Launch cmd line: /bin/bash -ue .command.run
Dec-20 09:21:46.065 [Task submitter] INFO  nextflow.Session - [fb/b6b18e] Submitted process > DOWNLOAD_DATA:LINK_LOCAL_DATA (open_gwas: heart_failure)
Dec-20 09:21:46.077 [Task submitter] DEBUG n.executor.local.LocalTaskHandler - Launch cmd line: /bin/bash -ue .command.run
Dec-20 09:21:46.078 [Task submitter] INFO  nextflow.Session - [c1/578183] Submitted process > DOWNLOAD_DATA:DOWNLOAD_OPEN_GWAS_DATA (open_gwas: body_mass_index)
Dec-20 09:21:46.094 [Task submitter] DEBUG n.executor.local.LocalTaskHandler - Launch cmd line: /bin/bash -ue .command.run
Dec-20 09:21:46.095 [Task submitter] INFO  nextflow.Session - [7b/a1d556] Submitted process > DOWNLOAD_DATA:DOWNLOAD_OTHER_DATA (other: venous_thromboembolism)
Dec-20 09:21:46.107 [Task submitter] DEBUG n.executor.local.LocalTaskHandler - Launch cmd line: /bin/bash -ue .command.run
Dec-20 09:21:46.107 [Task submitter] INFO  nextflow.Session - [6b/2bf46e] Submitted process > DOWNLOAD_DATA:GWAS_CATALOG_SETUP (single_execution)
Dec-20 09:21:46.168 [Task monitor] DEBUG n.processor.TaskPollingMonitor - Task completed > TaskHandler[id: 3; name: DOWNLOAD_DATA:LINK_LOCAL_DATA (open_gwas: heart_failure); status: COMPLETED; exit: 0; error: -; workDir: /home/carl/Documents/05_git_repositories/nf-download-sumstats/work/fb/b6b18eed67d3a6481ca23fc856eded]
Dec-20 09:21:46.170 [Task monitor] DEBUG nextflow.util.ThreadPoolBuilder - Creating thread pool 'TaskFinalizer' minSize=10; maxSize=24; workQueue=LinkedBlockingQueue[10000]; allowCoreThreadTimeout=false
Dec-20 09:21:46.184 [Task monitor] DEBUG n.processor.TaskPollingMonitor - Task completed > TaskHandler[id: 4; name: DOWNLOAD_DATA:DOWNLOAD_OPEN_GWAS_DATA (open_gwas: body_mass_index); status: COMPLETED; exit: 0; error: -; workDir: /home/carl/Documents/05_git_repositories/nf-download-sumstats/work/c1/578183e4303f579394c7f4c936ad67]
Dec-20 09:21:46.197 [Task monitor] DEBUG n.processor.TaskPollingMonitor - Task completed > TaskHandler[id: 2; name: DOWNLOAD_DATA:DOWNLOAD_OTHER_DATA (other: venous_thromboembolism); status: COMPLETED; exit: 0; error: -; workDir: /home/carl/Documents/05_git_repositories/nf-download-sumstats/work/7b/a1d5565b2306bcafd5f9308cb5494e]
Dec-20 09:21:46.218 [Task monitor] DEBUG n.processor.TaskPollingMonitor - Task completed > TaskHandler[id: 1; name: DOWNLOAD_DATA:GWAS_CATALOG_SETUP (single_execution); status: COMPLETED; exit: 0; error: -; workDir: /home/carl/Documents/05_git_repositories/nf-download-sumstats/work/6b/2bf46e59047edd64fd35fc3f96b72b]
Dec-20 09:21:46.230 [Actor Thread 2] DEBUG nextflow.util.HashBuilder - Unable to get file attributes file: /home/cabe12/R -- Cause: java.nio.file.NoSuchFileException: /home/cabe12/R
Dec-20 09:21:46.230 [Actor Thread 2] DEBUG nextflow.util.HashBuilder - Unable to get file attributes file: /home/carl/Documents/05_git_repositories/nf-download-sumstats/lftp -- Cause: java.nio.file.NoSuchFileException: /home/carl/Documents/05_git_repositories/nf-download-sumstats/lftp
Dec-20 09:21:46.249 [Task submitter] DEBUG n.executor.local.LocalTaskHandler - Launch cmd line: /bin/bash -ue .command.run
Dec-20 09:21:46.251 [Task submitter] INFO  nextflow.Session - [a4/0971de] Submitted process > DOWNLOAD_DATA:DOWNLOAD_GWAS_CATALOG_DATA (gwas_catalog: atrial_fibrillation)
Dec-20 09:21:46.320 [Task monitor] DEBUG n.processor.TaskPollingMonitor - Task completed > TaskHandler[id: 5; name: DOWNLOAD_DATA:DOWNLOAD_GWAS_CATALOG_DATA (gwas_catalog: atrial_fibrillation); status: COMPLETED; exit: 0; error: -; workDir: /home/carl/Documents/05_git_repositories/nf-download-sumstats/work/a4/0971de4d788735756e4455f44bb339]
Dec-20 09:21:46.327 [main] DEBUG nextflow.Session - Session await > all processes finished
Dec-20 09:21:46.421 [Task monitor] DEBUG n.processor.TaskPollingMonitor - <<< barrier arrives (monitor: local) - terminating tasks monitor poll loop
Dec-20 09:21:46.421 [main] DEBUG nextflow.Session - Session await > all barriers passed
Dec-20 09:21:46.424 [main] DEBUG nextflow.util.ThreadPoolManager - Thread pool 'TaskFinalizer' shutdown completed (hard=false)
Dec-20 09:21:46.428 [main] INFO  nextflow.script.BaseScript - 
===============================================================================
Workflow execution summary
===============================================================================

Duration    : 1.7s
Success     : true
workDir     : /home/carl/Documents/05_git_repositories/nf-download-sumstats/work
Exit status : 0
outDir      : ./output/

===============================================================================

Dec-20 09:21:46.433 [main] DEBUG n.trace.WorkflowStatsObserver - Workflow completed > WorkflowStats[succeededCount=5; failedCount=0; ignoredCount=0; cachedCount=0; pendingCount=0; submittedCount=0; runningCount=0; retriesCount=0; abortedCount=0; succeedDuration=37ms; failedDuration=0ms; cachedDuration=0ms;loadCpus=0; loadMemory=0; peakRunning=4; peakCpus=4; peakMemory=0; ]
Dec-20 09:21:46.434 [main] DEBUG nextflow.trace.TraceFileObserver - Workflow completed -- saving trace file
Dec-20 09:21:46.435 [main] DEBUG nextflow.trace.ReportObserver - Workflow completed -- rendering execution report
Dec-20 09:21:47.071 [main] DEBUG nextflow.trace.TimelineObserver - Workflow completed -- rendering execution timeline
Dec-20 09:21:47.307 [main] DEBUG nextflow.cache.CacheDB - Closing CacheDB done
Dec-20 09:21:47.324 [main] DEBUG nextflow.util.ThreadPoolManager - Thread pool 'FileTransfer' shutdown completed (hard=false)
Dec-20 09:21:47.325 [main] DEBUG nextflow.script.ScriptRunner - > Execution complete -- Goodbye
